生成启动时间为 2015/12/27 15:15:16。
     1>项目“E:\课程\人机交互\dds\dds\dds.vcxproj”在节点 2 上(build 个目标)。
     1>InitializeBuildStatus:
         正在对“Debug\dds.unsuccessfulbuild”执行 Touch 任务。
       ClCompile:
         所有输出均为最新。
       ManifestResourceCompile:
         所有输出均为最新。
       Link:
         f:\Program Files\VC\bin\link.exe /ERRORREPORT:PROMPT /OUT:"E:\课程\人机交互\dds\Debug\dds.exe" /INCREMENTAL /NOLOGO /LIBPATH:"E:\课程\人机交互\游戏\SDL2-2.0.3\lib\x86" SDL2.lib SDL2_image.lib SDL2_mixer.lib SDL2_ttf.lib SDL2main.lib kernel32.lib user32.lib gdi32.lib winspool.lib comdlg32.lib advapi32.lib shell32.lib ole32.lib oleaut32.lib uuid.lib odbc32.lib odbccp32.lib /MANIFEST /ManifestFile:"Debug\dds.exe.intermediate.manifest" /MANIFESTUAC:"level='asInvoker' uiAccess='false'" /DEBUG /PDB:"E:\课程\人机交互\dds\Debug\dds.pdb" /SUBSYSTEM:CONSOLE /TLBID:1 /DYNAMICBASE /NXCOMPAT /IMPLIB:"E:\课程\人机交互\dds\Debug\dds.lib" /MACHINE:X86 Debug\dds.exe.embed.manifest.res
         Debug\S01.obj
     1>MSVCRTD.lib(cinitexe.obj) : warning LNK4098: 默认库“msvcrt.lib”与其他库的使用冲突；请使用 /NODEFAULTLIB:library
       Manifest:
         C:\Program Files\Microsoft SDKs\Windows\v7.0A\bin\mt.exe /nologo /verbose /out:"Debug\dds.exe.embed.manifest" /manifest Debug\dds.exe.intermediate.manifest
         C:\Program Files\Microsoft SDKs\Windows\v7.0A\bin\rc.exe /nologo /fo"Debug\dds.exe.embed.manifest.res" Debug\dds_manifest.rc 
       LinkEmbedManifest:
         f:\Program Files\VC\bin\link.exe /ERRORREPORT:PROMPT /OUT:"E:\课程\人机交互\dds\Debug\dds.exe" /INCREMENTAL /NOLOGO /LIBPATH:"E:\课程\人机交互\游戏\SDL2-2.0.3\lib\x86" SDL2.lib SDL2_image.lib SDL2_mixer.lib SDL2_ttf.lib SDL2main.lib kernel32.lib user32.lib gdi32.lib winspool.lib comdlg32.lib advapi32.lib shell32.lib ole32.lib oleaut32.lib uuid.lib odbc32.lib odbccp32.lib /MANIFEST /ManifestFile:"Debug\dds.exe.intermediate.manifest" /MANIFESTUAC:"level='asInvoker' uiAccess='false'" /DEBUG /PDB:"E:\课程\人机交互\dds\Debug\dds.pdb" /SUBSYSTEM:CONSOLE /TLBID:1 /DYNAMICBASE /NXCOMPAT /IMPLIB:"E:\课程\人机交互\dds\Debug\dds.lib" /MACHINE:X86 Debug\dds.exe.embed.manifest.res
         Debug\S01.obj
     1>MSVCRTD.lib(cinitexe.obj) : warning LNK4098: 默认库“msvcrt.lib”与其他库的使用冲突；请使用 /NODEFAULTLIB:library
         dds.vcxproj -> E:\课程\人机交互\dds\Debug\dds.exe
       FinalizeBuildStatus:
         正在删除文件“Debug\dds.unsuccessfulbuild”。
         正在对“Debug\dds.lastbuildstate”执行 Touch 任务。
     1>已完成生成项目“E:\课程\人机交互\dds\dds\dds.vcxproj”(build 个目标)的操作。

生成成功。

已用时间 00:00:01.84
