F:\苏州大学\大三\大三上\人机交互\game\DDS\x64\Debug\cl.command.1.tlog
F:\苏州大学\大三\大三上\人机交互\game\DDS\x64\Debug\CL.read.1.tlog
F:\苏州大学\大三\大三上\人机交互\game\DDS\x64\Debug\CL.write.1.tlog
F:\苏州大学\大三\大三上\人机交互\GAME\DDS\X64\DEBUG\DDS.EXE
F:\苏州大学\大三\大三上\人机交互\GAME\DDS\X64\DEBUG\DDS.EXE.EMBED.MANIFEST
F:\苏州大学\大三\大三上\人机交互\GAME\DDS\X64\DEBUG\DDS.EXE.EMBED.MANIFEST.RES
F:\苏州大学\大三\大三上\人机交互\GAME\DDS\X64\DEBUG\DDS.EXE.INTERMEDIATE.MANIFEST
F:\苏州大学\大三\大三上\人机交互\GAME\DDS\X64\DEBUG\DDS.ILK
F:\苏州大学\大三\大三上\人机交互\GAME\DDS\X64\DEBUG\DDS.PDB
F:\苏州大学\大三\大三上\人机交互\game\DDS\x64\Debug\DDS.vcxprojResolveAssemblyReference.cache
F:\苏州大学\大三\大三上\人机交互\game\DDS\x64\Debug\DDS.write.1.tlog
F:\苏州大学\大三\大三上\人机交互\game\DDS\x64\Debug\DDS_manifest.rc
F:\苏州大学\大三\大三上\人机交互\game\DDS\x64\Debug\link.12592.read.1.tlog
F:\苏州大学\大三\大三上\人机交互\game\DDS\x64\Debug\link.12592.write.1.tlog
F:\苏州大学\大三\大三上\人机交互\game\DDS\x64\Debug\link.12592-cvtres.read.1.tlog
F:\苏州大学\大三\大三上\人机交互\game\DDS\x64\Debug\link.12592-cvtres.write.1.tlog
F:\苏州大学\大三\大三上\人机交互\game\DDS\x64\Debug\link.13144.read.1.tlog
F:\苏州大学\大三\大三上\人机交互\game\DDS\x64\Debug\link.13144.write.1.tlog
F:\苏州大学\大三\大三上\人机交互\game\DDS\x64\Debug\link.13144-cvtres.read.1.tlog
F:\苏州大学\大三\大三上\人机交互\game\DDS\x64\Debug\link.13144-cvtres.write.1.tlog
F:\苏州大学\大三\大三上\人机交互\game\DDS\x64\Debug\link.13172.read.1.tlog
F:\苏州大学\大三\大三上\人机交互\game\DDS\x64\Debug\link.13172.write.1.tlog
F:\苏州大学\大三\大三上\人机交互\game\DDS\x64\Debug\link.13172-cvtres.read.1.tlog
F:\苏州大学\大三\大三上\人机交互\game\DDS\x64\Debug\link.13172-cvtres.write.1.tlog
F:\苏州大学\大三\大三上\人机交互\game\DDS\x64\Debug\link.4892.read.1.tlog
F:\苏州大学\大三\大三上\人机交互\game\DDS\x64\Debug\link.4892.write.1.tlog
F:\苏州大学\大三\大三上\人机交互\game\DDS\x64\Debug\link.4892-cvtres.read.1.tlog
F:\苏州大学\大三\大三上\人机交互\game\DDS\x64\Debug\link.4892-cvtres.write.1.tlog
F:\苏州大学\大三\大三上\人机交互\game\DDS\x64\Debug\link.7404.read.1.tlog
F:\苏州大学\大三\大三上\人机交互\game\DDS\x64\Debug\link.7404.write.1.tlog
F:\苏州大学\大三\大三上\人机交互\game\DDS\x64\Debug\link.7404-cvtres.read.1.tlog
F:\苏州大学\大三\大三上\人机交互\game\DDS\x64\Debug\link.7404-cvtres.write.1.tlog
F:\苏州大学\大三\大三上\人机交互\game\DDS\x64\Debug\link.7692.read.1.tlog
F:\苏州大学\大三\大三上\人机交互\game\DDS\x64\Debug\link.7692.write.1.tlog
F:\苏州大学\大三\大三上\人机交互\game\DDS\x64\Debug\link.7692-cvtres.read.1.tlog
F:\苏州大学\大三\大三上\人机交互\game\DDS\x64\Debug\link.7692-cvtres.write.1.tlog
F:\苏州大学\大三\大三上\人机交互\game\DDS\x64\Debug\link.command.1.tlog
F:\苏州大学\大三\大三上\人机交互\game\DDS\x64\Debug\link.read.1.tlog
F:\苏州大学\大三\大三上\人机交互\game\DDS\x64\Debug\link.write.1.tlog
F:\苏州大学\大三\大三上\人机交互\game\DDS\x64\Debug\link-cvtres.read.1.tlog
F:\苏州大学\大三\大三上\人机交互\game\DDS\x64\Debug\link-cvtres.write.1.tlog
F:\苏州大学\大三\大三上\人机交互\game\DDS\x64\Debug\mt.command.1.tlog
F:\苏州大学\大三\大三上\人机交互\game\DDS\x64\Debug\mt.read.1.tlog
F:\苏州大学\大三\大三上\人机交互\game\DDS\x64\Debug\mt.write.1.tlog
F:\苏州大学\大三\大三上\人机交互\game\DDS\x64\Debug\rc.command.1.tlog
F:\苏州大学\大三\大三上\人机交互\game\DDS\x64\Debug\rc.read.1.tlog
F:\苏州大学\大三\大三上\人机交互\game\DDS\x64\Debug\rc.write.1.tlog
F:\苏州大学\大三\大三上\人机交互\GAME\DDS\X64\DEBUG\S01.OBJ
F:\苏州大学\大三\大三上\人机交互\game\DDS\x64\Debug\vc100.idb
F:\苏州大学\大三\大三上\人机交互\GAME\DDS\X64\DEBUG\VC100.PDB
