生成启动时间为 2015/12/25 21:46:58。
     1>项目“C:\Users\zhang\Desktop\DDS\DDS.vcxproj”在节点 2 上(build 个目标)。
     1>InitializeBuildStatus:
         正在创建“x64\Debug\DDS.unsuccessfulbuild”，因为已指定“AlwaysCreate”。
       ClCompile:
         C:\Program Files (x86)\Microsoft Visual Studio 10.0\VC\bin\x86_amd64\CL.exe /c /Zi /nologo /W3 /WX- /Od /D WIN32 /D _DEBUG /D _CONSOLE /D _UNICODE /D UNICODE /Gm /EHsc /RTC1 /MDd /GS /fp:precise /Zc:wchar_t /Zc:forScope /Fo"x64\Debug\\" /Fd"x64\Debug\vc100.pdb" /Gd /TP /errorReport:prompt S01.cpp
         S01.cpp
       ManifestResourceCompile:
         所有输出均为最新。
       Link:
         C:\Program Files (x86)\Microsoft Visual Studio 10.0\VC\bin\x86_amd64\link.exe /ERRORREPORT:PROMPT /OUT:"C:\Users\zhang\Desktop\DDS\x64\Debug\DDS.exe" /INCREMENTAL /NOLOGO /LIBPATH:"C:\Users\zhang\Desktop\SDL2-2.0.3\lib\x64" SDL2.lib SDL2main.lib SDL2_image.lib SDL2_mixer.lib SDL2_ttf.lib kernel32.lib user32.lib gdi32.lib winspool.lib comdlg32.lib advapi32.lib shell32.lib ole32.lib oleaut32.lib uuid.lib odbc32.lib odbccp32.lib /MANIFEST /ManifestFile:"x64\Debug\DDS.exe.intermediate.manifest" /MANIFESTUAC:"level='asInvoker' uiAccess='false'" /DEBUG /PDB:"C:\Users\zhang\Desktop\DDS\x64\Debug\DDS.pdb" /SUBSYSTEM:CONSOLE /TLBID:1 /DYNAMICBASE /NXCOMPAT /IMPLIB:"C:\Users\zhang\Desktop\DDS\x64\Debug\DDS.lib" /MACHINE:X64 x64\Debug\DDS.exe.embed.manifest.res
         x64\Debug\S01.obj
         DDS.vcxproj -> C:\Users\zhang\Desktop\DDS\x64\Debug\DDS.exe
       Manifest:
         C:\Program Files (x86)\Microsoft SDKs\Windows\v7.0A\bin\mt.exe /nologo /verbose /out:"x64\Debug\DDS.exe.embed.manifest" /manifest x64\Debug\DDS.exe.intermediate.manifest
         所有输出均为最新。
       LinkEmbedManifest:
         所有输出均为最新。
         DDS.vcxproj -> C:\Users\zhang\Desktop\DDS\x64\Debug\DDS.exe
       FinalizeBuildStatus:
         正在删除文件“x64\Debug\DDS.unsuccessfulbuild”。
         正在对“x64\Debug\DDS.lastbuildstate”执行 Touch 任务。
     1>已完成生成项目“C:\Users\zhang\Desktop\DDS\DDS.vcxproj”(build 个目标)的操作。

生成成功。

已用时间 00:00:01.45
